2025-03-14 15:51:53,795 - INFO - Timer started. Total threads: 2
2025-03-14 15:51:53,913 - DEBUG - Importing BlpImagePlugin
2025-03-14 15:51:53,919 - DEBUG - Importing BmpImagePlugin
2025-03-14 15:51:53,919 - DEBUG - Importing BufrStubImagePlugin
2025-03-14 15:51:53,923 - DEBUG - Importing CurImagePlugin
2025-03-14 15:51:53,928 - DEBUG - Importing DcxImagePlugin
2025-03-14 15:51:53,938 - DEBUG - Importing DdsImagePlugin
2025-03-14 15:51:53,946 - DEBUG - Importing EpsImagePlugin
2025-03-14 15:51:53,951 - DEBUG - Importing FitsImagePlugin
2025-03-14 15:51:53,957 - DEBUG - Importing FliImagePlugin
2025-03-14 15:51:53,962 - DEBUG - Importing FpxImagePlugin
2025-03-14 15:51:53,967 - DEBUG - Image: failed to import FpxImagePlugin: No module named 'olefile'
2025-03-14 15:51:53,968 - DEBUG - Importing FtexImagePlugin
2025-03-14 15:51:53,972 - DEBUG - Importing GbrImagePlugin
2025-03-14 15:51:53,978 - DEBUG - Importing GifImagePlugin
2025-03-14 15:51:53,978 - DEBUG - Importing GribStubImagePlugin
2025-03-14 15:51:53,983 - DEBUG - Importing Hdf5StubImagePlugin
2025-03-14 15:51:53,988 - DEBUG - Importing IcnsImagePlugin
2025-03-14 15:51:54,005 - DEBUG - Importing IcoImagePlugin
2025-03-14 15:51:54,011 - DEBUG - Importing ImImagePlugin
2025-03-14 15:51:54,017 - DEBUG - Importing ImtImagePlugin
2025-03-14 15:51:54,023 - DEBUG - Importing IptcImagePlugin
2025-03-14 15:51:54,029 - DEBUG - Importing JpegImagePlugin
2025-03-14 15:51:54,029 - DEBUG - Importing Jpeg2KImagePlugin
2025-03-14 15:51:54,029 - DEBUG - Importing McIdasImagePlugin
2025-03-14 15:51:54,034 - DEBUG - Importing MicImagePlugin
2025-03-14 15:51:54,040 - DEBUG - Image: failed to import MicImagePlugin: No module named 'olefile'
2025-03-14 15:51:54,040 - DEBUG - Importing MpegImagePlugin
2025-03-14 15:51:54,046 - DEBUG - Importing MpoImagePlugin
2025-03-14 15:51:54,063 - DEBUG - Importing MspImagePlugin
2025-03-14 15:51:54,069 - DEBUG - Importing PalmImagePlugin
2025-03-14 15:51:54,075 - DEBUG - Importing PcdImagePlugin
2025-03-14 15:51:54,080 - DEBUG - Importing PcxImagePlugin
2025-03-14 15:51:54,080 - DEBUG - Importing PdfImagePlugin
2025-03-14 15:51:54,096 - DEBUG - Importing PixarImagePlugin
2025-03-14 15:51:54,102 - DEBUG - Importing PngImagePlugin
2025-03-14 15:51:54,102 - DEBUG - Importing PpmImagePlugin
2025-03-14 15:51:54,102 - DEBUG - Importing PsdImagePlugin
2025-03-14 15:51:54,108 - DEBUG - Importing QoiImagePlugin
2025-03-14 15:51:54,113 - DEBUG - Importing SgiImagePlugin
2025-03-14 15:51:54,118 - DEBUG - Importing SpiderImagePlugin
2025-03-14 15:51:54,123 - DEBUG - Importing SunImagePlugin
2025-03-14 15:51:54,128 - DEBUG - Importing TgaImagePlugin
2025-03-14 15:51:54,133 - DEBUG - Importing TiffImagePlugin
2025-03-14 15:51:54,133 - DEBUG - Importing WebPImagePlugin
2025-03-14 15:51:54,152 - DEBUG - Importing WmfImagePlugin
2025-03-14 15:51:54,157 - DEBUG - Importing XbmImagePlugin
2025-03-14 15:51:54,162 - DEBUG - Importing XpmImagePlugin
2025-03-14 15:51:54,166 - DEBUG - Importing XVThumbImagePlugin
2025-03-14 15:52:53,844 - DEBUG - Showing break screens. Found 1 monitors. Total threads: 3
2025-03-14 15:52:53,846 - DEBUG - Countdown thread started. Total threads: 4
2025-03-14 15:52:53,846 - DEBUG - Countdown thread started for monitor \\.\DISPLAY1. Total threads: 4
2025-03-14 15:53:13,844 - DEBUG - Break completed. Total threads: 4
2025-03-14 15:53:13,860 - DEBUG - Countdown thread finished. Total threads: 4
2025-03-14 15:53:32,992 - INFO - Timer stopped. Total threads: 3
2025-03-14 15:53:40,346 - INFO - Timer started. Total threads: 2
2025-03-14 15:54:40,391 - DEBUG - Showing break screens. Found 1 monitors. Total threads: 3
2025-03-14 15:54:40,392 - DEBUG - Countdown thread started. Total threads: 4
2025-03-14 15:54:40,392 - DEBUG - Countdown thread started for monitor \\.\DISPLAY1. Total threads: 4
2025-03-14 15:55:00,392 - DEBUG - Break completed. Total threads: 4
2025-03-14 15:55:00,414 - DEBUG - Countdown thread finished. Total threads: 4
2025-03-14 15:55:11,608 - INFO - Exiting app. Total threads: 3
2025-03-14 16:22:16,705 - INFO - Timer started. Total threads: 2
2025-03-14 16:22:16,734 - DEBUG - Importing BlpImagePlugin
2025-03-14 16:22:16,735 - DEBUG - Importing BmpImagePlugin
2025-03-14 16:22:16,735 - DEBUG - Importing BufrStubImagePlugin
2025-03-14 16:22:16,736 - DEBUG - Importing CurImagePlugin
2025-03-14 16:22:16,736 - DEBUG - Importing DcxImagePlugin
2025-03-14 16:22:16,737 - DEBUG - Importing DdsImagePlugin
2025-03-14 16:22:16,739 - DEBUG - Importing EpsImagePlugin
2025-03-14 16:22:16,740 - DEBUG - Importing FitsImagePlugin
2025-03-14 16:22:16,741 - DEBUG - Importing FliImagePlugin
2025-03-14 16:22:16,741 - DEBUG - Importing FpxImagePlugin
2025-03-14 16:22:16,742 - DEBUG - Image: failed to import FpxImagePlugin: No module named 'olefile'
2025-03-14 16:22:16,742 - DEBUG - Importing FtexImagePlugin
2025-03-14 16:22:16,743 - DEBUG - Importing GbrImagePlugin
2025-03-14 16:22:16,743 - DEBUG - Importing GifImagePlugin
2025-03-14 16:22:16,743 - DEBUG - Importing GribStubImagePlugin
2025-03-14 16:22:16,743 - DEBUG - Importing Hdf5StubImagePlugin
2025-03-14 16:22:16,744 - DEBUG - Importing IcnsImagePlugin
2025-03-14 16:22:16,745 - DEBUG - Importing IcoImagePlugin
2025-03-14 16:22:16,746 - DEBUG - Importing ImImagePlugin
2025-03-14 16:22:16,746 - DEBUG - Importing ImtImagePlugin
2025-03-14 16:22:16,747 - DEBUG - Importing IptcImagePlugin
2025-03-14 16:22:16,747 - DEBUG - Importing JpegImagePlugin
2025-03-14 16:22:16,747 - DEBUG - Importing Jpeg2KImagePlugin
2025-03-14 16:22:16,747 - DEBUG - Importing McIdasImagePlugin
2025-03-14 16:22:16,747 - DEBUG - Importing MicImagePlugin
2025-03-14 16:22:16,748 - DEBUG - Image: failed to import MicImagePlugin: No module named 'olefile'
2025-03-14 16:22:16,748 - DEBUG - Importing MpegImagePlugin
2025-03-14 16:22:16,749 - DEBUG - Importing MpoImagePlugin
2025-03-14 16:22:16,753 - DEBUG - Importing MspImagePlugin
2025-03-14 16:22:16,754 - DEBUG - Importing PalmImagePlugin
2025-03-14 16:22:16,754 - DEBUG - Importing PcdImagePlugin
2025-03-14 16:22:16,755 - DEBUG - Importing PcxImagePlugin
2025-03-14 16:22:16,755 - DEBUG - Importing PdfImagePlugin
2025-03-14 16:22:16,760 - DEBUG - Importing PixarImagePlugin
2025-03-14 16:22:16,760 - DEBUG - Importing PngImagePlugin
2025-03-14 16:22:16,760 - DEBUG - Importing PpmImagePlugin
2025-03-14 16:22:16,761 - DEBUG - Importing PsdImagePlugin
2025-03-14 16:22:16,761 - DEBUG - Importing QoiImagePlugin
2025-03-14 16:22:16,761 - DEBUG - Importing SgiImagePlugin
2025-03-14 16:22:16,762 - DEBUG - Importing SpiderImagePlugin
2025-03-14 16:22:16,762 - DEBUG - Importing SunImagePlugin
2025-03-14 16:22:16,763 - DEBUG - Importing TgaImagePlugin
2025-03-14 16:22:16,763 - DEBUG - Importing TiffImagePlugin
2025-03-14 16:22:16,763 - DEBUG - Importing WebPImagePlugin
2025-03-14 16:22:16,764 - DEBUG - Importing WmfImagePlugin
2025-03-14 16:22:16,764 - DEBUG - Importing XbmImagePlugin
2025-03-14 16:22:16,765 - DEBUG - Importing XpmImagePlugin
2025-03-14 16:22:16,765 - DEBUG - Importing XVThumbImagePlugin
2025-03-14 16:22:26,644 - INFO - Timer stopped. Total threads: 3
2025-03-14 16:22:33,041 - INFO - Timer started. Total threads: 2
2025-03-14 16:23:33,089 - DEBUG - Showing break screens. Found 1 monitors. Total threads: 3
2025-03-14 16:23:33,090 - DEBUG - Countdown thread started. Total threads: 4
2025-03-14 16:23:33,090 - DEBUG - Countdown thread started for monitor \\.\DISPLAY1. Total threads: 4
2025-03-14 16:23:43,089 - DEBUG - Break completed. Total threads: 4
2025-03-14 16:23:43,098 - DEBUG - Countdown thread finished. Total threads: 4
2025-03-14 16:24:18,661 - INFO - Timer stopped. Total threads: 3
2025-03-14 16:57:45,706 - INFO - Timer started. Total threads: 2
2025-03-14 16:57:45,739 - DEBUG - Importing BlpImagePlugin
2025-03-14 16:57:45,740 - DEBUG - Importing BmpImagePlugin
2025-03-14 16:57:45,740 - DEBUG - Importing BufrStubImagePlugin
2025-03-14 16:57:45,741 - DEBUG - Importing CurImagePlugin
2025-03-14 16:57:45,741 - DEBUG - Importing DcxImagePlugin
2025-03-14 16:57:45,742 - DEBUG - Importing DdsImagePlugin
2025-03-14 16:57:45,744 - DEBUG - Importing EpsImagePlugin
2025-03-14 16:57:45,745 - DEBUG - Importing FitsImagePlugin
2025-03-14 16:57:45,746 - DEBUG - Importing FliImagePlugin
2025-03-14 16:57:45,746 - DEBUG - Importing FpxImagePlugin
2025-03-14 16:57:45,747 - DEBUG - Image: failed to import FpxImagePlugin: No module named 'olefile'
2025-03-14 16:57:45,747 - DEBUG - Importing FtexImagePlugin
2025-03-14 16:57:45,747 - DEBUG - Importing GbrImagePlugin
2025-03-14 16:57:45,748 - DEBUG - Importing GifImagePlugin
2025-03-14 16:57:45,748 - DEBUG - Importing GribStubImagePlugin
2025-03-14 16:57:45,748 - DEBUG - Importing Hdf5StubImagePlugin
2025-03-14 16:57:45,749 - DEBUG - Importing IcnsImagePlugin
2025-03-14 16:57:45,750 - DEBUG - Importing IcoImagePlugin
2025-03-14 16:57:45,751 - DEBUG - Importing ImImagePlugin
2025-03-14 16:57:45,751 - DEBUG - Importing ImtImagePlugin
2025-03-14 16:57:45,752 - DEBUG - Importing IptcImagePlugin
2025-03-14 16:57:45,752 - DEBUG - Importing JpegImagePlugin
2025-03-14 16:57:45,752 - DEBUG - Importing Jpeg2KImagePlugin
2025-03-14 16:57:45,752 - DEBUG - Importing McIdasImagePlugin
2025-03-14 16:57:45,753 - DEBUG - Importing MicImagePlugin
2025-03-14 16:57:45,753 - DEBUG - Image: failed to import MicImagePlugin: No module named 'olefile'
2025-03-14 16:57:45,753 - DEBUG - Importing MpegImagePlugin
2025-03-14 16:57:45,754 - DEBUG - Importing MpoImagePlugin
2025-03-14 16:57:45,759 - DEBUG - Importing MspImagePlugin
2025-03-14 16:57:45,759 - DEBUG - Importing PalmImagePlugin
2025-03-14 16:57:45,760 - DEBUG - Importing PcdImagePlugin
2025-03-14 16:57:45,760 - DEBUG - Importing PcxImagePlugin
2025-03-14 16:57:45,760 - DEBUG - Importing PdfImagePlugin
2025-03-14 16:57:45,766 - DEBUG - Importing PixarImagePlugin
2025-03-14 16:57:45,766 - DEBUG - Importing PngImagePlugin
2025-03-14 16:57:45,766 - DEBUG - Importing PpmImagePlugin
2025-03-14 16:57:45,766 - DEBUG - Importing PsdImagePlugin
2025-03-14 16:57:45,767 - DEBUG - Importing QoiImagePlugin
2025-03-14 16:57:45,767 - DEBUG - Importing SgiImagePlugin
2025-03-14 16:57:45,768 - DEBUG - Importing SpiderImagePlugin
2025-03-14 16:57:45,768 - DEBUG - Importing SunImagePlugin
2025-03-14 16:57:45,769 - DEBUG - Importing TgaImagePlugin
2025-03-14 16:57:45,769 - DEBUG - Importing TiffImagePlugin
2025-03-14 16:57:45,769 - DEBUG - Importing WebPImagePlugin
2025-03-14 16:57:45,770 - DEBUG - Importing WmfImagePlugin
2025-03-14 16:57:45,770 - DEBUG - Importing XbmImagePlugin
2025-03-14 16:57:45,771 - DEBUG - Importing XpmImagePlugin
2025-03-14 16:57:45,772 - DEBUG - Importing XVThumbImagePlugin
2025-03-14 16:59:35,144 - DEBUG - Meeting detected. Break skipped. Total threads: 3
2025-03-14 16:59:47,246 - INFO - Timer stopped. Total threads: 3
2025-03-14 16:59:50,039 - INFO - Window closing. Total threads: 1
